# JRE version: OpenJDK Runtime Environment (11.0.15) (build 11.0.15+0-b2043.56-9505619)
# Java VM: OpenJDK 64-Bit Server VM (11.0.15+0-b2043.56-9505619, mixed mode, tiered, compressed oops, g1 gc, windows-amd64)
Heap:
 garbage-first heap   total 410624K, used 308736K [0x0000000080000000, 0x0000000100000000)
  region size 1024K, 10 young (10240K), 6 survivors (6144K)
 Metaspace       used 141568K, capacity 145280K, committed 145488K, reserved 1175552K
  class space    used 17441K, capacity 18822K, committed 18944K, reserved 1048576K
GC Heap History (20 events):
Event: 13507.401 GC heap before
{Heap before GC invocations=169 (full 0):
 garbage-first heap   total 410624K, used 226636K [0x0000000080000000, 0x0000000100000000)
  region size 1024K, 20 young (20480K), 3 survivors (3072K)
 Metaspace       used 129294K, capacity 132590K, committed 132816K, reserved 1165312K
  class space    used 15684K, capacity 16907K, committed 17024K, reserved 1048576K
}
Event: 13507.407 GC heap after
{Heap after GC invocations=170 (full 0):
 garbage-first heap   total 410624K, used 201399K [0x0000000080000000, 0x0000000100000000)
  region size 1024K, 1 young (1024K), 1 survivors (1024K)
 Metaspace       used 129294K, capacity 132590K, committed 132816K, reserved 1165312K
  class space    used 15684K, capacity 16907K, committed 17024K, reserved 1048576K
}
Event: 13509.599 GC heap before
{Heap before GC invocations=170 (full 0):
 garbage-first heap   total 410624K, used 290487K [0x0000000080000000, 0x0000000100000000)
  region size 1024K, 89 young (91136K), 1 survivors (1024K)
 Metaspace       used 133202K, capacity 136595K, committed 136912K, reserved 1169408K
  class space    used 16154K, capacity 17429K, committed 17536K, reserved 1048576K
}
Event: 13509.618 GC heap after
{Heap after GC invocations=171 (full 0):
 garbage-first heap   total 410624K, used 208599K [0x0000000080000000, 0x0000000100000000)
  region size 1024K, 8 young (8192K), 8 survivors (8192K)
 Metaspace       used 133202K, capacity 136595K, committed 136912K, reserved 1169408K
  class space    used 16154K, capacity 17429K, committed 17536K, reserved 1048576K
}
Event: 13511.467 GC heap before
{Heap before GC invocations=172 (full 0):
 garbage-first heap   total 410624K, used 305879K [0x0000000080000000, 0x0000000100000000)
  region size 1024K, 105 young (107520K), 8 survivors (8192K)
 Metaspace       used 134492K, capacity 138012K, committed 138320K, reserved 1169408K
  class space    used 16308K, capacity 17610K, committed 17664K, reserved 1048576K
}
Event: 13511.501 GC heap after
{Heap after GC invocations=173 (full 0):
 garbage-first heap   total 410624K, used 216725K [0x0000000080000000, 0x0000000100000000)
  region size 1024K, 9 young (9216K), 9 survivors (9216K)
 Metaspace       used 134492K, capacity 138012K, committed 138320K, reserved 1169408K
  class space    used 16308K, capacity 17610K, committed 17664K, reserved 1048576K
}
Event: 13511.833 GC heap before
{Heap before GC invocations=173 (full 0):
 garbage-first heap   total 410624K, used 227989K [0x0000000080000000, 0x0000000100000000)
  region size 1024K, 20 young (20480K), 9 survivors (9216K)
 Metaspace       used 134714K, capacity 138212K, committed 138320K, reserved 1169408K
  class space    used 16337K, capacity 17652K, committed 17664K, reserved 1048576K
}
Event: 13511.851 GC heap after
{Heap after GC invocations=174 (full 0):
 garbage-first heap   total 410624K, used 215267K [0x0000000080000000, 0x0000000100000000)
  region size 1024K, 2 young (2048K), 2 survivors (2048K)
 Metaspace       used 134714K, capacity 138212K, committed 138320K, reserved 1169408K
  class space    used 16337K, capacity 17652K, committed 17664K, reserved 1048576K
}
Event: 13512.007 GC heap before
{Heap before GC invocations=174 (full 0):
 garbage-first heap   total 410624K, used 236771K [0x0000000080000000, 0x0000000100000000)
  region size 1024K, 24 young (24576K), 2 survivors (2048K)
 Metaspace       used 134832K, capacity 138358K, committed 138576K, reserved 1171456K
  class space    used 16348K, capacity 17655K, committed 17664K, reserved 1048576K
}
Event: 13512.015 GC heap after
{Heap after GC invocations=175 (full 0):
 garbage-first heap   total 410624K, used 214850K [0x0000000080000000, 0x0000000100000000)
  region size 1024K, 1 young (1024K), 1 survivors (1024K)
 Metaspace       used 134832K, capacity 138358K, committed 138576K, reserved 1171456K
  class space    used 16348K, capacity 17655K, committed 17664K, reserved 1048576K
}
Event: 13513.010 GC heap before
{Heap before GC invocations=176 (full 0):
 garbage-first heap   total 410624K, used 247618K [0x0000000080000000, 0x0000000100000000)
  region size 1024K, 22 young (22528K), 1 survivors (1024K)
 Metaspace       used 137819K, capacity 141441K, committed 141648K, reserved 1173504K
  class space    used 16774K, capacity 18123K, committed 18176K, reserved 1048576K
}
Event: 13513.020 GC heap after
{Heap after GC invocations=177 (full 0):
 garbage-first heap   total 410624K, used 229991K [0x0000000080000000, 0x0000000100000000)
  region size 1024K, 5 young (5120K), 5 survivors (5120K)
 Metaspace       used 137819K, capacity 141441K, committed 141648K, reserved 1173504K
  class space    used 16774K, capacity 18123K, committed 18176K, reserved 1048576K
}
Event: 13513.827 GC heap before
{Heap before GC invocations=178 (full 0):
 garbage-first heap   total 410624K, used 299623K [0x0000000080000000, 0x0000000100000000)
  region size 1024K, 47 young (48128K), 5 survivors (5120K)
 Metaspace       used 138163K, capacity 141801K, committed 141904K, reserved 1173504K
  class space    used 16823K, capacity 18157K, committed 18176K, reserved 1048576K
}
Event: 13513.950 GC heap after
{Heap after GC invocations=179 (full 0):
 garbage-first heap   total 410624K, used 256727K [0x0000000080000000, 0x0000000100000000)
  region size 1024K, 11 young (11264K), 11 survivors (11264K)
 Metaspace       used 138163K, capacity 141801K, committed 141904K, reserved 1173504K
  class space    used 16823K, capacity 18157K, committed 18176K, reserved 1048576K
}
Event: 13515.021 GC heap before
{Heap before GC invocations=180 (full 0):
 garbage-first heap   total 410624K, used 320215K [0x0000000080000000, 0x0000000100000000)
  region size 1024K, 73 young (74752K), 11 survivors (11264K)
 Metaspace       used 140496K, capacity 144181K, committed 144464K, reserved 1175552K
  class space    used 17278K, capacity 18627K, committed 18688K, reserved 1048576K
}
Event: 13515.115 GC heap after
{Heap after GC invocations=181 (full 0):
 garbage-first heap   total 410624K, used 283327K [0x0000000080000000, 0x0000000100000000)
  region size 1024K, 10 young (10240K), 10 survivors (10240K)
 Metaspace       used 140496K, capacity 144181K, committed 144464K, reserved 1175552K
  class space    used 17278K, capacity 18627K, committed 18688K, reserved 1048576K
}
Event: 13515.167 GC heap before
{Heap before GC invocations=181 (full 0):
 garbage-first heap   total 410624K, used 293567K [0x0000000080000000, 0x0000000100000000)
  region size 1024K, 20 young (20480K), 10 survivors (10240K)
 Metaspace       used 140501K, capacity 144182K, committed 144464K, reserved 1175552K
  class space    used 17278K, capacity 18627K, committed 18688K, reserved 1048576K
}
Event: 13515.214 GC heap after
{Heap after GC invocations=182 (full 0):
 garbage-first heap   total 410624K, used 284224K [0x0000000080000000, 0x0000000100000000)
  region size 1024K, 3 young (3072K), 3 survivors (3072K)
 Metaspace       used 140501K, capacity 144182K, committed 144464K, reserved 1175552K
  class space    used 17278K, capacity 18627K, committed 18688K, reserved 1048576K
}
Event: 13515.575 GC heap before
{Heap before GC invocations=182 (full 0):
 garbage-first heap   total 410624K, used 326208K [0x0000000080000000, 0x0000000100000000)
  region size 1024K, 45 young (46080K), 3 survivors (3072K)
 Metaspace       used 140774K, capacity 144419K, committed 144464K, reserved 1175552K
  class space    used 17306K, capacity 18663K, committed 18688K, reserved 1048576K
}
Event: 13515.626 GC heap after
{Heap after GC invocations=183 (full 0):
 garbage-first heap   total 410624K, used 305664K [0x0000000080000000, 0x0000000100000000)
  region size 1024K, 6 young (6144K), 6 survivors (6144K)
 Metaspace       used 140774K, capacity 144419K, committed 144464K, reserved 1175552K
  class space    used 17306K, capacity 18663K, committed 18688K, reserved 1048576K
}

